2022-04-08 15:55:47,744 INFO o.a.j.u.JMeterUtils: Setting Locale to en_GB
2022-04-08 15:55:47,793 INFO o.a.j.JMeter: Loading user properties from: /Users/saurabhdhingra/Downloads/apache-jmeter-5.4.3/bin/user.properties
2022-04-08 15:55:47,793 INFO o.a.j.JMeter: Loading system properties from: /Users/saurabhdhingra/Downloads/apache-jmeter-5.4.3/bin/system.properties
2022-04-08 15:55:47,793 INFO o.a.j.JMeter: Loading additional properties from: /Users/saurabhdhingra/workspace-jmeter/performance-testing-070322/config.qa.properties
2022-04-08 15:55:47,806 INFO o.a.j.JMeter: Copyright (c) 1998-2021 The Apache Software Foundation
2022-04-08 15:55:47,806 INFO o.a.j.JMeter: Version 5.4.3
2022-04-08 15:55:47,806 INFO o.a.j.JMeter: java.version=17.0.1
2022-04-08 15:55:47,806 INFO o.a.j.JMeter: java.vm.name=Java HotSpot(TM) 64-Bit Server VM
2022-04-08 15:55:47,806 INFO o.a.j.JMeter: os.name=Mac OS X
2022-04-08 15:55:47,806 INFO o.a.j.JMeter: os.arch=x86_64
2022-04-08 15:55:47,806 INFO o.a.j.JMeter: os.version=11.4
2022-04-08 15:55:47,806 INFO o.a.j.JMeter: file.encoding=UTF-8
2022-04-08 15:55:47,806 INFO o.a.j.JMeter: java.awt.headless=true
2022-04-08 15:55:47,807 INFO o.a.j.JMeter: Max memory     =2147483648
2022-04-08 15:55:47,807 INFO o.a.j.JMeter: Available Processors =8
2022-04-08 15:55:47,816 INFO o.a.j.JMeter: Default Locale=English (United Kingdom)
2022-04-08 15:55:47,816 INFO o.a.j.JMeter: JMeter  Locale=English (United Kingdom)
2022-04-08 15:55:47,816 INFO o.a.j.JMeter: JMeterHome=/Users/saurabhdhingra/Downloads/apache-jmeter-5.4.3
2022-04-08 15:55:47,816 INFO o.a.j.JMeter: user.dir  =/Users/saurabhdhingra/workspace-jmeter/performance-testing-070322
2022-04-08 15:55:47,817 INFO o.a.j.JMeter: PWD       =/Users/saurabhdhingra/workspace-jmeter/performance-testing-070322
2022-04-08 15:55:47,818 INFO o.a.j.JMeter: IP: 127.0.0.1 Name: Saurabhs-MacBook-Pro.local FullName: localhost
2022-04-08 15:55:47,829 INFO o.a.j.JMeter: Setting property 'jmeter.reportgenerator.outputdir' to:'/Users/saurabhdhingra/workspace-jmeter/performance-testing-070322/report'
2022-04-08 15:55:47,835 INFO o.a.j.s.FileServer: Default base='/Users/saurabhdhingra/workspace-jmeter/performance-testing-070322'
2022-04-08 15:55:47,839 INFO o.a.j.s.FileServer: Set new base='/Users/saurabhdhingra/workspace-jmeter/performance-testing-070322'
2022-04-08 15:55:48,710 INFO o.a.j.s.SaveService: Testplan (JMX) version: 2.2. Testlog (JTL) version: 2.2
2022-04-08 15:55:48,744 INFO o.a.j.s.SaveService: Using SaveService properties version 5.0
2022-04-08 15:55:48,748 INFO o.a.j.s.SaveService: Using SaveService properties file encoding UTF-8
2022-04-08 15:55:48,755 INFO o.a.j.s.SaveService: Loading file: /Users/saurabhdhingra/workspace-jmeter/performance-testing-070322/ConduitAppPerftest.jmx
2022-04-08 15:55:48,869 INFO o.a.j.p.h.s.HTTPSamplerBase: Parser for text/html is org.apache.jmeter.protocol.http.parser.LagartoBasedHtmlParser
2022-04-08 15:55:48,870 INFO o.a.j.p.h.s.HTTPSamplerBase: Parser for application/xhtml+xml is org.apache.jmeter.protocol.http.parser.LagartoBasedHtmlParser
2022-04-08 15:55:48,870 INFO o.a.j.p.h.s.HTTPSamplerBase: Parser for application/xml is org.apache.jmeter.protocol.http.parser.LagartoBasedHtmlParser
2022-04-08 15:55:48,870 INFO o.a.j.p.h.s.HTTPSamplerBase: Parser for text/xml is org.apache.jmeter.protocol.http.parser.LagartoBasedHtmlParser
2022-04-08 15:55:48,870 INFO o.a.j.p.h.s.HTTPSamplerBase: Parser for text/vnd.wap.wml is org.apache.jmeter.protocol.http.parser.RegexpHTMLParser
2022-04-08 15:55:48,870 INFO o.a.j.p.h.s.HTTPSamplerBase: Parser for text/css is org.apache.jmeter.protocol.http.parser.CssParser
2022-04-08 15:55:49,233 INFO o.a.j.JMeter: Creating summariser <summary>
2022-04-08 15:55:49,237 INFO o.a.j.r.d.ReportGenerator: ReportGenerator will use for Parsing the separator: ','
2022-04-08 15:55:49,238 INFO o.a.j.r.d.ReportGenerator: Will generate report at end of test from  results file: /Users/saurabhdhingra/workspace-jmeter/performance-testing-070322/ConduitAppPerftestResults1.jtl
2022-04-08 15:55:49,238 INFO o.a.j.r.d.ReportGenerator: Reading report generator properties from: /Users/saurabhdhingra/Downloads/apache-jmeter-5.4.3/bin/reportgenerator.properties
2022-04-08 15:55:49,241 INFO o.a.j.r.d.ReportGenerator: Merging with JMeter properties
2022-04-08 15:55:49,246 INFO o.a.j.r.c.ReportGeneratorConfiguration: Property 'jmeter.reportgenerator.temp_dir' not found, using default value 'temp' instead.
2022-04-08 15:55:49,251 INFO o.a.j.r.c.ReportGeneratorConfiguration: Property 'jmeter.reportgenerator.apdex_per_transaction' not found, using default value 'null' instead.
2022-04-08 15:55:49,252 INFO o.a.j.r.c.ReportGeneratorConfiguration: apdex_per_transaction is empty, not APDEX per transaction customization
2022-04-08 15:55:49,252 INFO o.a.j.r.c.ReportGeneratorConfiguration: Property 'jmeter.reportgenerator.sample_filter' not found, using default value 'null' instead.
2022-04-08 15:55:49,252 INFO o.a.j.r.c.ReportGeneratorConfiguration: Property 'jmeter.reportgenerator.report_title' not found, using default value 'null' instead.
2022-04-08 15:55:49,252 INFO o.a.j.r.c.ReportGeneratorConfiguration: Property 'jmeter.reportgenerator.start_date' not found, using default value 'null' instead.
2022-04-08 15:55:49,252 INFO o.a.j.r.c.ReportGeneratorConfiguration: Property 'jmeter.reportgenerator.end_date' not found, using default value 'null' instead.
2022-04-08 15:55:49,252 INFO o.a.j.r.c.ReportGeneratorConfiguration: Property 'jmeter.reportgenerator.date_format' not found, using default value 'null' instead.
2022-04-08 15:55:49,298 INFO o.a.j.r.c.ReportGeneratorConfiguration: Will use date range start date: null, end date: null
2022-04-08 15:55:49,312 INFO o.a.j.r.c.ReportGeneratorConfiguration: Property 'jmeter.reportgenerator.graph.totalTPS.exclude_controllers' not found, using default value 'false' instead.
2022-04-08 15:55:49,312 INFO o.a.j.r.c.ReportGeneratorConfiguration: Property 'jmeter.reportgenerator.graph.activeThreadsOverTime.exclude_controllers' not found, using default value 'false' instead.
2022-04-08 15:55:49,313 INFO o.a.j.r.c.ReportGeneratorConfiguration: Property 'jmeter.reportgenerator.graph.timeVsThreads.exclude_controllers' not found, using default value 'false' instead.
2022-04-08 15:55:49,313 INFO o.a.j.r.c.ReportGeneratorConfiguration: Property 'jmeter.reportgenerator.graph.responseTimeDistribution.exclude_controllers' not found, using default value 'false' instead.
2022-04-08 15:55:49,314 INFO o.a.j.r.c.ReportGeneratorConfiguration: Property 'jmeter.reportgenerator.graph.transactionsPerSecond.exclude_controllers' not found, using default value 'false' instead.
2022-04-08 15:55:49,314 INFO o.a.j.r.c.ReportGeneratorConfiguration: Property 'jmeter.reportgenerator.graph.responseTimePercentiles.exclude_controllers' not found, using default value 'false' instead.
2022-04-08 15:55:49,316 INFO o.a.j.r.c.ReportGeneratorConfiguration: Property 'jmeter.reportgenerator.graph.responseTimePercentilesOverTime.exclude_controllers' not found, using default value 'false' instead.
2022-04-08 15:55:49,316 INFO o.a.j.r.c.ReportGeneratorConfiguration: Property 'jmeter.reportgenerator.graph.responseTimesOverTime.exclude_controllers' not found, using default value 'false' instead.
2022-04-08 15:55:49,317 INFO o.a.j.r.c.ReportGeneratorConfiguration: Property 'jmeter.reportgenerator.graph.connectTimeOverTime.exclude_controllers' not found, using default value 'false' instead.
2022-04-08 15:55:49,317 INFO o.a.j.r.c.ReportGeneratorConfiguration: Property 'jmeter.reportgenerator.graph.latenciesOverTime.exclude_controllers' not found, using default value 'false' instead.
2022-04-08 15:55:49,321 INFO o.a.j.r.c.ReportGeneratorConfiguration: Property 'jmeter.reportgenerator.exporter.json.filters_only_sample_series' not found, using default value 'true' instead.
2022-04-08 15:55:49,322 INFO o.a.j.r.c.ReportGeneratorConfiguration: Property 'jmeter.reportgenerator.exporter.json.series_filter' not found, using default value '' instead.
2022-04-08 15:55:49,322 INFO o.a.j.r.c.ReportGeneratorConfiguration: Property 'jmeter.reportgenerator.exporter.json.show_controllers_only' not found, using default value 'false' instead.
2022-04-08 15:55:49,330 INFO o.a.j.r.c.ReportGeneratorConfiguration: Property 'jmeter.reportgenerator.exporter.html.filters_only_sample_series' not found, using default value 'true' instead.
2022-04-08 15:55:49,333 INFO o.a.j.r.c.ReportGeneratorConfiguration: Property 'jmeter.reportgenerator.exporter.html.series_filter' not found, using default value '' instead.
2022-04-08 15:55:49,333 INFO o.a.j.r.c.ReportGeneratorConfiguration: Property 'jmeter.reportgenerator.exporter.html.show_controllers_only' not found, using default value 'false' instead.
2022-04-08 15:55:49,366 INFO o.a.j.e.StandardJMeterEngine: Running the test!
2022-04-08 15:55:49,369 INFO o.a.j.s.SampleEvent: List of sample_variables: []
2022-04-08 15:55:49,370 INFO o.a.j.s.SampleEvent: List of sample_variables: []
2022-04-08 15:55:49,374 INFO o.a.j.e.u.CompoundVariable: Note: Function class names must contain the string: '.functions.'
2022-04-08 15:55:49,374 INFO o.a.j.e.u.CompoundVariable: Note: Function class names must not contain the string: '.gui.'
2022-04-08 15:55:50,124 INFO o.a.j.JMeter: Running test (1649413550124)
2022-04-08 15:55:50,170 INFO o.a.j.e.StandardJMeterEngine: Starting ThreadGroup: 1 : Thread Group
2022-04-08 15:55:50,173 INFO o.a.j.e.StandardJMeterEngine: Starting 1 threads for group Thread Group.
2022-04-08 15:55:50,174 INFO o.a.j.e.StandardJMeterEngine: Thread will continue on error
2022-04-08 15:55:50,174 INFO o.a.j.t.ThreadGroup: Starting thread group... number=1 threads=1 ramp-up=1 delayedStart=false
2022-04-08 15:55:50,214 INFO o.a.j.t.ThreadGroup: Started thread group number 1
2022-04-08 15:55:50,215 INFO o.a.j.e.StandardJMeterEngine: Starting ThreadGroup: 2 : Groovy Scripting
2022-04-08 15:55:50,215 INFO o.a.j.e.StandardJMeterEngine: Starting 1 threads for group Groovy Scripting.
2022-04-08 15:55:50,215 INFO o.a.j.e.StandardJMeterEngine: Thread will continue on error
2022-04-08 15:55:50,216 INFO o.a.j.t.ThreadGroup: Starting thread group... number=2 threads=1 ramp-up=1 delayedStart=false
2022-04-08 15:55:50,217 INFO o.a.j.t.ThreadGroup: Started thread group number 2
2022-04-08 15:55:50,218 INFO o.a.j.e.StandardJMeterEngine: All thread groups have been started
2022-04-08 15:55:50,239 INFO o.a.j.t.JMeterThread: Thread started: Groovy Scripting 2-1
2022-04-08 15:55:50,258 INFO o.a.j.s.SampleResult: Note: Sample TimeStamps are START times
2022-04-08 15:55:50,259 INFO o.a.j.s.SampleResult: sampleresult.default.encoding is set to ISO-8859-1
2022-04-08 15:55:50,259 INFO o.a.j.s.SampleResult: sampleresult.useNanoTime=true
2022-04-08 15:55:50,260 INFO o.a.j.s.SampleResult: sampleresult.nanoThreadSleep=5000
2022-04-08 15:55:50,280 INFO o.a.j.t.JMeterThread: Thread started: Thread Group 1-1
2022-04-08 15:55:50,313 INFO o.a.j.p.h.s.HTTPHCAbstractImpl: Local host = Saurabhs-MacBook-Pro.local
2022-04-08 15:55:50,330 INFO o.a.j.p.h.s.HTTPHC4Impl: HTTP request retry count = 0
2022-04-08 15:55:50,611 INFO o.a.j.s.FileServer: Stored: /Users/saurabhdhingra/workspace-jmeter/performance-testing-070322/userData.csv
2022-04-08 15:55:52,348 INFO o.a.j.p.j.s.J.JSR223 Sampler: org.apache.jmeter.engine.StandardJMeterEngine@540a4620
2022-04-08 15:55:52,376 INFO o.a.j.p.j.s.J.JSR223 Sampler: org.apache.jmeter.threads.JMeterThread@40b60e03
2022-04-08 15:55:52,403 INFO o.a.j.p.j.s.J.JSR223 Sampler: org.apache.jmeter.threads.ThreadGroup@5149f008
2022-04-08 15:55:52,509 INFO o.a.j.p.j.s.J.JSR223 Sampler: 0
2022-04-08 15:55:52,513 INFO o.a.j.p.j.s.J.JSR223 Sampler: 2
2022-04-08 15:55:52,517 INFO o.a.j.p.j.s.J.JSR223 Sampler: saurabh,
2022-04-08 15:55:52,539 INFO o.a.j.p.j.s.J.JSR223 Sampler: Vairable -- saurabh
2022-04-08 15:55:52,547 INFO o.a.j.p.j.s.J.JSR223 Sampler: Vairable -- Gaurav
2022-04-08 15:55:52,620 INFO o.a.j.t.JMeterThread: Thread is done: Groovy Scripting 2-1
2022-04-08 15:55:52,622 INFO o.a.j.t.JMeterThread: Thread finished: Groovy Scripting 2-1
2022-04-08 15:55:52,636 ERROR o.a.j.m.JSR223PreProcessor: Problem in JSR223 script, JSR223 PreProcessor
javax.script.ScriptException: Both script file and script text are empty for element:JSR223 PreProcessor
	at org.apache.jmeter.util.JSR223TestElement.processFileOrScript(JSR223TestElement.java:222) ~[ApacheJMeter_core.jar:5.4.3]
	at org.apache.jmeter.modifiers.JSR223PreProcessor.process(JSR223PreProcessor.java:45) [ApacheJMeter_components.jar:5.4.3]
	at org.apache.jmeter.threads.JMeterThread.runPreProcessors(JMeterThread.java:965) [ApacheJMeter_core.jar:5.4.3]
	at org.apache.jmeter.threads.JMeterThread.executeSamplePackage(JMeterThread.java:549) [ApacheJMeter_core.jar:5.4.3]
	at org.apache.jmeter.threads.JMeterThread.processSampler(JMeterThread.java:489) [ApacheJMeter_core.jar:5.4.3]
	at org.apache.jmeter.threads.JMeterThread.run(JMeterThread.java:256) [ApacheJMeter_core.jar:5.4.3]
	at java.lang.Thread.run(Thread.java:833) [?:?]
2022-04-08 15:55:52,951 ERROR o.a.j.e.JSR223PostProcessor: Problem in JSR223 script, JSR223 PostProcessor
javax.script.ScriptException: Both script file and script text are empty for element:JSR223 PostProcessor
	at org.apache.jmeter.util.JSR223TestElement.processFileOrScript(JSR223TestElement.java:222) ~[ApacheJMeter_core.jar:5.4.3]
	at org.apache.jmeter.extractor.JSR223PostProcessor.process(JSR223PostProcessor.java:45) [ApacheJMeter_components.jar:5.4.3]
	at org.apache.jmeter.threads.JMeterThread.runPostProcessors(JMeterThread.java:955) [ApacheJMeter_core.jar:5.4.3]
	at org.apache.jmeter.threads.JMeterThread.executeSamplePackage(JMeterThread.java:573) [ApacheJMeter_core.jar:5.4.3]
	at org.apache.jmeter.threads.JMeterThread.processSampler(JMeterThread.java:489) [ApacheJMeter_core.jar:5.4.3]
	at org.apache.jmeter.threads.JMeterThread.run(JMeterThread.java:256) [ApacheJMeter_core.jar:5.4.3]
	at java.lang.Thread.run(Thread.java:833) [?:?]
2022-04-08 15:55:52,970 INFO o.a.j.t.JMeterThread: Thread is done: Thread Group 1-1
2022-04-08 15:55:52,970 INFO o.a.j.t.JMeterThread: Thread finished: Thread Group 1-1
2022-04-08 15:55:52,972 INFO o.a.j.e.StandardJMeterEngine: Notifying test listeners of end of test
2022-04-08 15:55:52,973 INFO o.a.j.s.FileServer: Close: /Users/saurabhdhingra/workspace-jmeter/performance-testing-070322/userData.csv
2022-04-08 15:55:53,000 INFO o.a.j.r.Summariser: summary =      8 in 00:00:03 =    2.8/s Avg:   287 Min:     0 Max:  2285 Err:     5 (62.50%)
2022-04-08 15:55:53,001 INFO o.a.j.JMeter: Generating Dashboard
2022-04-08 15:55:53,001 INFO o.a.j.r.d.ReportGenerator: Flushing result collector before report Generation
2022-04-08 15:55:53,025 INFO o.a.j.r.p.NormalizerSampleConsumer: Using format, 'ms', to parse timeStamp field
2022-04-08 15:55:53,179 INFO o.a.j.r.p.AbstractSampleConsumer: class org.apache.jmeter.report.processor.AggregateConsumer#stopProducing(): beginDate produced 0 samples
2022-04-08 15:55:53,179 INFO o.a.j.r.p.AbstractSampleConsumer: class org.apache.jmeter.report.processor.AggregateConsumer#stopProducing(): endDate produced 0 samples
2022-04-08 15:55:53,181 INFO o.a.j.r.p.AbstractSampleConsumer: class org.apache.jmeter.report.processor.ApdexSummaryConsumer#stopProducing(): apdexSummary produced 0 samples
2022-04-08 15:55:53,181 INFO o.a.j.r.p.AbstractSampleConsumer: class org.apache.jmeter.report.processor.RequestsSummaryConsumer#stopProducing(): requestsSummary produced 0 samples
2022-04-08 15:55:53,187 INFO o.a.j.r.p.AbstractSampleConsumer: class org.apache.jmeter.report.processor.StatisticsSummaryConsumer#stopProducing(): statisticsSummary produced 0 samples
2022-04-08 15:55:53,200 ERROR o.a.j.JMeter: Error generating the report: Error while processing samples: Consumer failed with message :Consumer failed with message :Consumer failed with message :Consumer failed with message :Begin size 4 is not equal to fixed size 5
org.apache.jmeter.report.dashboard.GenerationException: Error while processing samples: Consumer failed with message :Consumer failed with message :Consumer failed with message :Consumer failed with message :Begin size 4 is not equal to fixed size 5
	at org.apache.jmeter.report.dashboard.ReportGenerator.generate(ReportGenerator.java:242) ~[ApacheJMeter_core.jar:5.4.3]
	at org.apache.jmeter.JMeter$ListenToTest.endTest(JMeter.java:1346) [ApacheJMeter_core.jar:5.4.3]
	at org.apache.jmeter.JMeter$ListenToTest.testEnded(JMeter.java:1301) [ApacheJMeter_core.jar:5.4.3]
	at org.apache.jmeter.engine.StandardJMeterEngine.notifyTestListenersOfEnd(StandardJMeterEngine.java:218) [ApacheJMeter_core.jar:5.4.3]
	at org.apache.jmeter.engine.StandardJMeterEngine.run(StandardJMeterEngine.java:493) [ApacheJMeter_core.jar:5.4.3]
	at java.lang.Thread.run(Thread.java:833) [?:?]
Caused by: org.apache.jmeter.report.core.SampleException: Consumer failed with message :Consumer failed with message :Consumer failed with message :Consumer failed with message :Begin size 4 is not equal to fixed size 5
	at org.apache.jmeter.report.processor.CsvFileSampleSource$PrivateProducer.stopProducing(CsvFileSampleSource.java:338) ~[ApacheJMeter_core.jar:5.4.3]
	at org.apache.jmeter.report.processor.CsvFileSampleSource.produce(CsvFileSampleSource.java:182) ~[ApacheJMeter_core.jar:5.4.3]
	at org.apache.jmeter.report.processor.CsvFileSampleSource.run(CsvFileSampleSource.java:235) ~[ApacheJMeter_core.jar:5.4.3]
	at org.apache.jmeter.report.dashboard.ReportGenerator.generate(ReportGenerator.java:240) ~[ApacheJMeter_core.jar:5.4.3]
	... 5 more
Caused by: org.apache.jmeter.report.core.SampleException: Consumer failed with message :Consumer failed with message :Consumer failed with message :Begin size 4 is not equal to fixed size 5
	at org.apache.jmeter.report.processor.AbstractSampleConsumer.stopProducing(AbstractSampleConsumer.java:244) ~[ApacheJMeter_core.jar:5.4.3]
	at org.apache.jmeter.report.processor.NormalizerSampleConsumer.stopConsuming(NormalizerSampleConsumer.java:125) ~[ApacheJMeter_core.jar:5.4.3]
	at org.apache.jmeter.report.processor.CsvFileSampleSource$PrivateProducer.stopProducing(CsvFileSampleSource.java:335) ~[ApacheJMeter_core.jar:5.4.3]
	at org.apache.jmeter.report.processor.CsvFileSampleSource.produce(CsvFileSampleSource.java:182) ~[ApacheJMeter_core.jar:5.4.3]
	at org.apache.jmeter.report.processor.CsvFileSampleSource.run(CsvFileSampleSource.java:235) ~[ApacheJMeter_core.jar:5.4.3]
	at org.apache.jmeter.report.dashboard.ReportGenerator.generate(ReportGenerator.java:240) ~[ApacheJMeter_core.jar:5.4.3]
	... 5 more
Caused by: org.apache.jmeter.report.core.SampleException: Consumer failed with message :Consumer failed with message :Begin size 4 is not equal to fixed size 5
	at org.apache.jmeter.report.processor.AbstractSampleConsumer.stopProducing(AbstractSampleConsumer.java:244) ~[ApacheJMeter_core.jar:5.4.3]
	at org.apache.jmeter.report.processor.FilterConsumer.stopConsuming(FilterConsumer.java:111) ~[ApacheJMeter_core.jar:5.4.3]
	at org.apache.jmeter.report.processor.AbstractSampleConsumer.stopProducing(AbstractSampleConsumer.java:241) ~[ApacheJMeter_core.jar:5.4.3]
	at org.apache.jmeter.report.processor.NormalizerSampleConsumer.stopConsuming(NormalizerSampleConsumer.java:125) ~[ApacheJMeter_core.jar:5.4.3]
	at org.apache.jmeter.report.processor.CsvFileSampleSource$PrivateProducer.stopProducing(CsvFileSampleSource.java:335) ~[ApacheJMeter_core.jar:5.4.3]
	at org.apache.jmeter.report.processor.CsvFileSampleSource.produce(CsvFileSampleSource.java:182) ~[ApacheJMeter_core.jar:5.4.3]
	at org.apache.jmeter.report.processor.CsvFileSampleSource.run(CsvFileSampleSource.java:235) ~[ApacheJMeter_core.jar:5.4.3]
	at org.apache.jmeter.report.dashboard.ReportGenerator.generate(ReportGenerator.java:240) ~[ApacheJMeter_core.jar:5.4.3]
	... 5 more
Caused by: org.apache.jmeter.report.core.SampleException: Consumer failed with message :Begin size 4 is not equal to fixed size 5
	at org.apache.jmeter.report.processor.AbstractSampleConsumer.stopProducing(AbstractSampleConsumer.java:244) ~[ApacheJMeter_core.jar:5.4.3]
	at org.apache.jmeter.report.processor.FilterConsumer.stopConsuming(FilterConsumer.java:111) ~[ApacheJMeter_core.jar:5.4.3]
	at org.apache.jmeter.report.processor.AbstractSampleConsumer.stopProducing(AbstractSampleConsumer.java:241) ~[ApacheJMeter_core.jar:5.4.3]
	at org.apache.jmeter.report.processor.FilterConsumer.stopConsuming(FilterConsumer.java:111) ~[ApacheJMeter_core.jar:5.4.3]
	at org.apache.jmeter.report.processor.AbstractSampleConsumer.stopProducing(AbstractSampleConsumer.java:241) ~[ApacheJMeter_core.jar:5.4.3]
	at org.apache.jmeter.report.processor.NormalizerSampleConsumer.stopConsuming(NormalizerSampleConsumer.java:125) ~[ApacheJMeter_core.jar:5.4.3]
	at org.apache.jmeter.report.processor.CsvFileSampleSource$PrivateProducer.stopProducing(CsvFileSampleSource.java:335) ~[ApacheJMeter_core.jar:5.4.3]
	at org.apache.jmeter.report.processor.CsvFileSampleSource.produce(CsvFileSampleSource.java:182) ~[ApacheJMeter_core.jar:5.4.3]
	at org.apache.jmeter.report.processor.CsvFileSampleSource.run(CsvFileSampleSource.java:235) ~[ApacheJMeter_core.jar:5.4.3]
	at org.apache.jmeter.report.dashboard.ReportGenerator.generate(ReportGenerator.java:240) ~[ApacheJMeter_core.jar:5.4.3]
	... 5 more
Caused by: java.lang.IllegalStateException: Begin size 4 is not equal to fixed size 5
	at java.util.stream.Nodes$FixedNodeBuilder.begin(Nodes.java:1214) ~[?:?]
	at java.util.stream.Sink$ChainedReference.begin(Sink.java:253) ~[?:?]
	at java.util.stream.SliceOps$1$1.begin(SliceOps.java:192) ~[?:?]
	at java.util.stream.SortedOps$SizedRefSortingSink.end(SortedOps.java:354) ~[?:?]
	at java.util.stream.AbstractPipeline.copyIntoWithCancel(AbstractPipeline.java:528) ~[?:?]
	at java.util.stream.AbstractPipeline.copyInto(AbstractPipeline.java:513) ~[?:?]
	at java.util.stream.AbstractPipeline.wrapAndCopyInto(AbstractPipeline.java:499) ~[?:?]
	at java.util.stream.AbstractPipeline.evaluate(AbstractPipeline.java:575) ~[?:?]
	at java.util.stream.AbstractPipeline.evaluateToArrayNode(AbstractPipeline.java:260) ~[?:?]
	at java.util.stream.ReferencePipeline.toArray(ReferencePipeline.java:616) ~[?:?]
	at org.apache.jmeter.report.processor.Top5ErrorsSummaryData.getTop5ErrorsMetrics(Top5ErrorsSummaryData.java:82) ~[ApacheJMeter_core.jar:5.4.3]
	at org.apache.jmeter.report.processor.Top5ErrorsBySamplerConsumer.createDataResult(Top5ErrorsBySamplerConsumer.java:97) ~[ApacheJMeter_core.jar:5.4.3]
	at org.apache.jmeter.report.processor.Top5ErrorsBySamplerConsumer.createDataResult(Top5ErrorsBySamplerConsumer.java:29) ~[ApacheJMeter_core.jar:5.4.3]
	at org.apache.jmeter.report.processor.AbstractSummaryConsumer.createResultFromKey(AbstractSummaryConsumer.java:200) ~[ApacheJMeter_core.jar:5.4.3]
	at org.apache.jmeter.report.processor.AbstractSummaryConsumer.stopConsuming(AbstractSummaryConsumer.java:261) ~[ApacheJMeter_core.jar:5.4.3]
	at org.apache.jmeter.report.processor.AbstractSampleConsumer.stopProducing(AbstractSampleConsumer.java:241) ~[ApacheJMeter_core.jar:5.4.3]
	at org.apache.jmeter.report.processor.FilterConsumer.stopConsuming(FilterConsumer.java:111) ~[ApacheJMeter_core.jar:5.4.3]
	at org.apache.jmeter.report.processor.AbstractSampleConsumer.stopProducing(AbstractSampleConsumer.java:241) ~[ApacheJMeter_core.jar:5.4.3]
	at org.apache.jmeter.report.processor.FilterConsumer.stopConsuming(FilterConsumer.java:111) ~[ApacheJMeter_core.jar:5.4.3]
	at org.apache.jmeter.report.processor.AbstractSampleConsumer.stopProducing(AbstractSampleConsumer.java:241) ~[ApacheJMeter_core.jar:5.4.3]
	at org.apache.jmeter.report.processor.NormalizerSampleConsumer.stopConsuming(NormalizerSampleConsumer.java:125) ~[ApacheJMeter_core.jar:5.4.3]
	at org.apache.jmeter.report.processor.CsvFileSampleSource$PrivateProducer.stopProducing(CsvFileSampleSource.java:335) ~[ApacheJMeter_core.jar:5.4.3]
	at org.apache.jmeter.report.processor.CsvFileSampleSource.produce(CsvFileSampleSource.java:182) ~[ApacheJMeter_core.jar:5.4.3]
	at org.apache.jmeter.report.processor.CsvFileSampleSource.run(CsvFileSampleSource.java:235) ~[ApacheJMeter_core.jar:5.4.3]
	at org.apache.jmeter.report.dashboard.ReportGenerator.generate(ReportGenerator.java:240) ~[ApacheJMeter_core.jar:5.4.3]
	... 5 more
